0 info it worked if it ends with ok
1 verbose cli [ '/Users/rohit.goyal/.nvm/versions/node/v5.9.1/bin/node',
1 verbose cli   '/Users/rohit.goyal/.nvm/versions/node/v5.9.1/bin/npm',
1 verbose cli   'start',
1 verbose cli   'dev' ]
2 info using npm@3.7.3
3 info using node@v5.9.1
4 verbose stack Error: missing script: start
4 verbose stack     at run (/Users/rohit.goyal/.nvm/versions/node/v5.9.1/lib/node_modules/npm/lib/run-script.js:147:19)
4 verbose stack     at /Users/rohit.goyal/.nvm/versions/node/v5.9.1/lib/node_modules/npm/lib/run-script.js:57:5
4 verbose stack     at /Users/rohit.goyal/.nvm/versions/node/v5.9.1/lib/node_modules/npm/node_modules/read-package-json/read-json.js:345:5
4 verbose stack     at checkBinReferences_ (/Users/rohit.goyal/.nvm/versions/node/v5.9.1/lib/node_modules/npm/node_modules/read-package-json/read-json.js:309:45)
4 verbose stack     at final (/Users/rohit.goyal/.nvm/versions/node/v5.9.1/lib/node_modules/npm/node_modules/read-package-json/read-json.js:343:3)
4 verbose stack     at then (/Users/rohit.goyal/.nvm/versions/node/v5.9.1/lib/node_modules/npm/node_modules/read-package-json/read-json.js:113:5)
4 verbose stack     at /Users/rohit.goyal/.nvm/versions/node/v5.9.1/lib/node_modules/npm/node_modules/read-package-json/read-json.js:300:12
4 verbose stack     at /Users/rohit.goyal/.nvm/versions/node/v5.9.1/lib/node_modules/npm/node_modules/graceful-fs/graceful-fs.js:78:16
4 verbose stack     at tryToString (fs.js:414:3)
4 verbose stack     at FSReqWrap.readFileAfterClose [as oncomplete] (fs.js:401:12)
5 verbose cwd /Users/rohit.goyal/Desktop/my-projects/indepth-of-react-redux-react-router
6 error Darwin 16.7.0
7 error argv "/Users/rohit.goyal/.nvm/versions/node/v5.9.1/bin/node" "/Users/rohit.goyal/.nvm/versions/node/v5.9.1/bin/npm" "start" "dev"
8 error node v5.9.1
9 error npm  v3.7.3
10 error missing script: start
11 error If you need help, you may report this error at:
11 error     <https://github.com/npm/npm/issues>
12 verbose exit [ 1, true ]
